<?xml version="1.0" encoding="UTF-8"?>
<testng-results ignored="0" total="1" passed="1" failed="0" skipped="0">
  <reporter-output>
  </reporter-output>
  <suite started-at="2025-07-11T10:02:37 IST" name="Default suite" finished-at="2025-07-11T10:03:17 IST" duration-ms="40314">
    <groups>
    </groups>
    <test started-at="2025-07-11T10:02:37 IST" name="Default test" finished-at="2025-07-11T10:03:17 IST" duration-ms="40314">
      <class name="example.TestRunn">
        <test-method signature="test()[pri:0, instance:example.TestRunn@2145b572]" started-at="2025-07-11T10:02:37 IST" name="test" finished-at="2025-07-11T10:03:17 IST" duration-ms="40194" status="PASS">
          <reporter-output>
          </reporter-output>
        </test-method> <!-- test -->
      </class> <!-- example.TestRunn -->
    </test> <!-- Default test -->
  </suite> <!-- Default suite -->
</testng-results>
