<?xml version="1.0" encoding="UTF-8"?>
<!-- Generated by org.testng.reporters.JUnitReportReporter -->
<testsuite hostname="Rithesh" failures="0" tests="2" name="example.Example2" time="38.442" errors="0" timestamp="2025-04-26T16:10:03 IST" skipped="0">
  <testcase classname="example.Example2" name="testOnChromeWithBrowserStackUrl" time="16.508"/>
  <system-out/>
  <testcase classname="example.Example2" name="testOnChromeWithBrowserStackSignUp" time="21.934"/>
  <system-out/>
</testsuite> <!-- example.Example2 -->
