<?xml version="1.0" encoding="UTF-8"?>
<!-- Generated by org.testng.reporters.JUnitReportReporter -->
<testsuite hostname="Rithesh" failures="0" tests="2" name="example.Example" time="59.442" errors="0" timestamp="2025-04-26T16:10:03 IST" skipped="0">
  <testcase classname="example.Example" name="testOnChromeWithBrowserStackUrl" time="21.720"/>
  <system-out/>
  <testcase classname="example.Example" name="testOnChromeWithBrowserStackSignUp" time="37.722"/>
  <system-out/>
</testsuite> <!-- example.Example -->
